<?xml version="1.0" encoding="UTF-8"?>
<!-- Generated by org.testng.reporters.JUnitXMLReporter -->
<testsuite hostname="ATMECSINLT-711" ignored="0" name="Test" tests="4" failures="0" timestamp="24 Sep 2020 11:32:12 GMT" time="60.406" errors="0">
  <testcase name="signup" time="0.737" classname="com.atmecs.demoblaze.testscripts.SignUpTest"/>
  <testcase name="Login" time="0.741" classname="com.atmecs.demoblaze.testscripts.LoginTest"/>
  <testcase name="contactus" time="0.949" classname="com.atmecs.demoblaze.testscripts.ContactUsTest"/>
  <testcase name="addtoCart" time="11.163" classname="com.atmecs.demoblaze.testscripts.AddtocartTest"/>
</testsuite> <!-- Test -->
